{"numFailedTestSuites":0,"numFailedTests":0,"numPassedTestSuites":3,"numPassedTests":36,"numPendingTestSuites":0,"numPendingTests":0,"numRuntimeErrorTestSuites":0,"numTodoTests":0,"numTotalTestSuites":3,"numTotalTests":36,"openHandles":[],"snapshot":{"added":0,"didUpdate":false,"failure":false,"filesAdded":0,"filesRemoved":0,"filesRemovedList":[],"filesUnmatched":0,"filesUpdated":0,"matched":0,"total":0,"unchecked":0,"uncheckedKeysByFile":[],"unmatched":0,"updated":0},"startTime":1789487808353,"success":true,"testResults":[{"assertionResults":[{"ancestorTitles":["Native template envelope audit"],"duration":2,"failing":false,"failureDetails":[],"failureMessages":[],"fullName":"Native template envelope audit export queries caller tenant or system preset, not arbitrary tenant","invocations":1,"location":null,"numPassingAsserts":1,"retryReasons":[],"startAt":1789487809242,"status":"passed","title":"export queries caller tenant or system preset, not arbitrary tenant"},{"ancestorTitles":["Native template envelope audit"],"duration":1,"failing":false,"failureDetails":[],"failureMessages":[],"fullName":"Native template envelope audit export strips source identity fields (positive control)","invocations":1,"location":null,"numPassingAsserts":3,"retryReasons":[],"startAt":1789487809244,"status":"passed","title":"export strips source identity fields (positive control)"},{"ancestorTitles":["Native template envelope audit"],"duration":0,"failing":false,"failureDetails":[],"failureMessages":[],"fullName":"Native template envelope audit export omits scenes, touch mode, idle timer, zone locks and actions","invocations":1,"location":null,"numPassingAsserts":6,"retryReasons":[],"startAt":1789487809245,"status":"passed","title":"export omits scenes, touch mode, idle timer, zone locks and actions"},{"ancestorTitles":["Native template envelope audit"],"duration":0,"failing":false,"failureDetails":[],"failureMessages":[],"fullName":"Native template envelope audit export retains original media URL rather than bundling/remapping media","invocations":1,"location":null,"numPassingAsserts":1,"retryReasons":[],"startAt":1789487809245,"status":"passed","title":"export retains original media URL rather than bundling/remapping media"},{"ancestorTitles":["Native template envelope audit"],"duration":1,"failing":false,"failureDetails":[],"failureMessages":[],"fullName":"Native template envelope audit rejects foreign envelope format","invocations":1,"location":null,"numPassingAsserts":1,"retryReasons":[],"startAt":1789487809245,"status":"passed","title":"rejects foreign envelope format"},{"ancestorTitles":["Native template envelope audit"],"duration":0,"failing":false,"failureDetails":[],"failureMessages":[],"fullName":"Native template envelope audit rejects unsupported envelope version","invocations":1,"location":null,"numPassingAsserts":1,"retryReasons":[],"startAt":1789487809246,"status":"passed","title":"rejects unsupported envelope version"}],"endTime":1789487809246,"message":"","name":"/private/tmp/venueos-import-audit-20260915/apps/api/src/templates/native-import-audit-20260915.spec.ts","startTime":1789487808468,"status":"passed","summary":""},{"assertionResults":[{"ancestorTitles":["Audit: positive controls"],"duration":8,"failing":false,"failureDetails":[],"failureMessages":[],"fullName":"Audit: positive controls simple text plus supported picture survives parser and builder","invocations":1,"location":null,"numPassingAsserts":1,"retryReasons":[],"startAt":1789487809332,"status":"passed","title":"simple text plus supported picture survives parser and builder"},{"ancestorTitles":["Audit: positive controls"],"duration":3,"failing":false,"failureDetails":[],"failureMessages":[],"fullName":"Audit: positive controls controller persists source tenant on assets, playlist and templates","invocations":1,"location":null,"numPassingAsserts":3,"retryReasons":[],"startAt":1789487809341,"status":"passed","title":"controller persists source tenant on assets, playlist and templates"},{"ancestorTitles":["Audit: reproducible parser limitations (green = reproduced)"],"duration":1,"failing":false,"failureDetails":[],"failureMessages":[],"fullName":"Audit: reproducible parser limitations (green = reproduced) picture behind text in source becomes above text in import","invocations":1,"location":null,"numPassingAsserts":2,"retryReasons":[],"startAt":1789487809344,"status":"passed","title":"picture behind text in source becomes above text in import"},{"ancestorTitles":["Audit: reproducible parser limitations (green = reproduced)"],"duration":2,"failing":false,"failureDetails":[],"failureMessages":[],"fullName":"Audit: reproducible parser limitations (green = reproduced) group origin at 50% is ignored for its child at local x=0","invocations":1,"location":null,"numPassingAsserts":1,"retryReasons":[],"startAt":1789487809345,"status":"passed","title":"group origin at 50% is ignored for its child at local x=0"},{"ancestorTitles":["Audit: reproducible parser limitations (green = reproduced)"],"duration":1,"failing":false,"failureDetails":[],"failureMessages":[],"fullName":"Audit: reproducible parser limitations (green = reproduced) text placeholder with inherited geometry is omitted","invocations":1,"location":null,"numPassingAsserts":1,"retryReasons":[],"startAt":1789487809347,"status":"passed","title":"text placeholder with inherited geometry is omitted"},{"ancestorTitles":["Audit: reproducible parser limitations (green = reproduced)"],"duration":24,"failing":false,"failureDetails":[],"failureMessages":[],"fullName":"Audit: reproducible parser limitations (green = reproduced) 61 source slides produce only 60 parsed pages without a warning field","invocations":1,"location":null,"numPassingAsserts":2,"retryReasons":[],"startAt":1789487809348,"status":"passed","title":"61 source slides produce only 60 parsed pages without a warning field"},{"ancestorTitles":["Audit: reproducible parser limitations (green = reproduced)"],"duration":4,"failing":false,"failureDetails":[],"failureMessages":[],"fullName":"Audit: reproducible parser limitations (green = reproduced) 81 text boxes produce only 80 zones","invocations":1,"location":null,"numPassingAsserts":1,"retryReasons":[],"startAt":1789487809372,"status":"passed","title":"81 text boxes produce only 80 zones"},{"ancestorTitles":["Audit: reproducible parser limitations (green = reproduced)"],"duration":2,"failing":false,"failureDetails":[],"failureMessages":[],"fullName":"Audit: reproducible parser limitations (green = reproduced) a missing image removes its entire image-only slide","invocations":1,"location":null,"numPassingAsserts":1,"retryReasons":[],"startAt":1789487809376,"status":"passed","title":"a missing image removes its entire image-only slide"},{"ancestorTitles":["Audit: reproducible parser limitations (green = reproduced)"],"duration":1,"failing":false,"failureDetails":[],"failureMessages":[],"fullName":"Audit: reproducible parser limitations (green = reproduced) numeric-looking text loses leading zeros","invocations":1,"location":null,"numPassingAsserts":1,"retryReasons":[],"startAt":1789487809378,"status":"passed","title":"numeric-looking text loses leading zeros"},{"ancestorTitles":["Audit: controller failure and approval behavior (green = reproduced)"],"duration":1,"failing":false,"failureDetails":[],"failureMessages":[],"fullName":"Audit: controller failure and approval behavior (green = reproduced) legacy PPT parse failure reports success with IMAGE pointing at .ppt","invocations":1,"location":null,"numPassingAsserts":3,"retryReasons":[],"startAt":1789487809379,"status":"passed","title":"legacy PPT parse failure reports success with IMAGE pointing at .ppt"},{"ancestorTitles":["Audit: controller failure and approval behavior (green = reproduced)"],"duration":1,"failing":false,"failureDetails":[],"failureMessages":[],"fullName":"Audit: controller failure and approval behavior (green = reproduced) template-only action still creates a raw-original playlist","invocations":1,"location":null,"numPassingAsserts":2,"retryReasons":[],"startAt":1789487809380,"status":"passed","title":"template-only action still creates a raw-original playlist"},{"ancestorTitles":["Audit: controller failure and approval behavior (green = reproduced)"],"duration":1,"failing":false,"failureDetails":[],"failureMessages":[],"fullName":"Audit: controller failure and approval behavior (green = reproduced) playlist action creates no converted templates for PPTX","invocations":1,"location":null,"numPassingAsserts":2,"retryReasons":[],"startAt":1789487809381,"status":"passed","title":"playlist action creates no converted templates for PPTX"},{"ancestorTitles":["Audit: controller failure and approval behavior (green = reproduced)"],"duration":2,"failing":false,"failureDetails":[],"failureMessages":[],"fullName":"Audit: controller failure and approval behavior (green = reproduced) contributor source is pending but extracted image is approved and template active","invocations":1,"location":null,"numPassingAsserts":2,"retryReasons":[],"startAt":1789487809382,"status":"passed","title":"contributor source is pending but extracted image is approved and template active"},{"ancestorTitles":["Audit: controller failure and approval behavior (green = reproduced)"],"duration":1,"failing":false,"failureDetails":[],"failureMessages":[],"fullName":"Audit: controller failure and approval behavior (green = reproduced) failed audit write still resolves success","invocations":1,"location":null,"numPassingAsserts":2,"retryReasons":[],"startAt":1789487809384,"status":"passed","title":"failed audit write still resolves success"},{"ancestorTitles":["Audit: controller failure and approval behavior (green = reproduced)"],"duration":7,"failing":false,"failureDetails":[],"failureMessages":[],"fullName":"Audit: controller failure and approval behavior (green = reproduced) second template failure leaves first created plus playlist and original","invocations":1,"location":null,"numPassingAsserts":4,"retryReasons":[],"startAt":1789487809385,"status":"passed","title":"second template failure leaves first created plus playlist and original"},{"ancestorTitles":["Audit: controller failure and approval behavior (green = reproduced)"],"duration":0,"failing":false,"failureDetails":[],"failureMessages":[],"fullName":"Audit: controller failure and approval behavior (green = reproduced) image upload is always placed on a 1920x1080 landscape canvas","invocations":1,"location":null,"numPassingAsserts":1,"retryReasons":[],"startAt":1789487809392,"status":"passed","title":"image upload is always placed on a 1920x1080 landscape canvas"},{"ancestorTitles":["Audit: controller failure and approval behavior (green = reproduced)"],"duration":1,"failing":false,"failureDetails":[],"failureMessages":[],"fullName":"Audit: controller failure and approval behavior (green = reproduced) generic PPTX MIME reaches storage unchanged","invocations":1,"location":null,"numPassingAsserts":1,"retryReasons":[],"startAt":1789487809392,"status":"passed","title":"generic PPTX MIME reaches storage unchanged"},{"ancestorTitles":["Audit: controller failure and approval behavior (green = reproduced)"],"duration":2,"failing":false,"failureDetails":[],"failureMessages":[],"fullName":"Audit: controller failure and approval behavior (green = reproduced) failed extracted-media upload silently omits image-only second slide","invocations":1,"location":null,"numPassingAsserts":3,"retryReasons":[],"startAt":1789487809393,"status":"passed","title":"failed extracted-media upload silently omits image-only second slide"}],"endTime":1789487809396,"message":"","name":"/private/tmp/venueos-import-audit-20260915/apps/api/src/imports/import-audit-20260915.spec.ts","startTime":1789487809250,"status":"passed","summary":""},{"assertionResults":[{"ancestorTitles":["Import 2.0 unit conversions"],"duration":1,"failing":false,"failureDetails":[],"failureMessages":[],"fullName":"Import 2.0 unit conversions converts EMU → px at 914400 EMU = 1in = 96px","invocations":1,"location":null,"numPassingAsserts":4,"retryReasons":[],"startAt":1789487809424,"status":"passed","title":"converts EMU → px at 914400 EMU = 1in = 96px"},{"ancestorTitles":["Import 2.0 unit conversions"],"duration":0,"failing":false,"failureDetails":[],"failureMessages":[],"fullName":"Import 2.0 unit conversions converts points → px at 96dpi (1pt = 1.333px)","invocations":1,"location":null,"numPassingAsserts":2,"retryReasons":[],"startAt":1789487809425,"status":"passed","title":"converts points → px at 96dpi (1pt = 1.333px)"},{"ancestorTitles":["Import 2.0 unit conversions"],"duration":1,"failing":false,"failureDetails":[],"failureMessages":[],"fullName":"Import 2.0 unit conversions converts PowerPoint sz (hundredths of a point) → px fontSize","invocations":1,"location":null,"numPassingAsserts":6,"retryReasons":[],"startAt":1789487809425,"status":"passed","title":"converts PowerPoint sz (hundredths of a point) → px fontSize"},{"ancestorTitles":["Import 2.0 unit conversions"],"duration":0,"failing":false,"failureDetails":[],"failureMessages":[],"fullName":"Import 2.0 unit conversions maps a px rect → clamped %-of-canvas zone","invocations":1,"location":null,"numPassingAsserts":1,"retryReasons":[],"startAt":1789487809426,"status":"passed","title":"maps a px rect → clamped %-of-canvas zone"},{"ancestorTitles":["Import 2.0 unit conversions"],"duration":0,"failing":false,"failureDetails":[],"failureMessages":[],"fullName":"Import 2.0 unit conversions pulls an overflowing rect back inside the canvas","invocations":1,"location":null,"numPassingAsserts":3,"retryReasons":[],"startAt":1789487809426,"status":"passed","title":"pulls an overflowing rect back inside the canvas"},{"ancestorTitles":["Import 2.0 unit conversions"],"duration":0,"failing":false,"failureDetails":[],"failureMessages":[],"fullName":"Import 2.0 unit conversions drops a degenerate (zero-size) rect","invocations":1,"location":null,"numPassingAsserts":2,"retryReasons":[],"startAt":1789487809426,"status":"passed","title":"drops a degenerate (zero-size) rect"},{"ancestorTitles":["Import 2.0 unit conversions"],"duration":0,"failing":false,"failureDetails":[],"failureMessages":[],"fullName":"Import 2.0 unit conversions normalizes OOXML colors to #rrggbb (or null)","invocations":1,"location":null,"numPassingAsserts":5,"retryReasons":[],"startAt":1789487809426,"status":"passed","title":"normalizes OOXML colors to #rrggbb (or null)"},{"ancestorTitles":["parsePptx — structured slide → editable zones"],"duration":7,"failing":false,"failureDetails":[],"failureMessages":[],"fullName":"parsePptx — structured slide → editable zones produces one ParsedPage per slide with correct geometry + styling","invocations":1,"location":null,"numPassingAsserts":22,"retryReasons":[],"startAt":1789487809426,"status":"passed","title":"produces one ParsedPage per slide with correct geometry + styling"},{"ancestorTitles":["parsePptx — structured slide → editable zones"],"duration":4,"failing":false,"failureDetails":[],"failureMessages":[],"fullName":"parsePptx — structured slide → editable zones buildTemplates resolves image zones to uploaded URLs + drops unresolved","invocations":1,"location":null,"numPassingAsserts":5,"retryReasons":[],"startAt":1789487809433,"status":"passed","title":"buildTemplates resolves image zones to uploaded URLs + drops unresolved"},{"ancestorTitles":["graceful fallback"],"duration":0,"failing":false,"failureDetails":[],"failureMessages":[],"fullName":"graceful fallback parsePptx throws on a non-PPTX buffer (controller catches → flat template)","invocations":1,"location":null,"numPassingAsserts":1,"retryReasons":[],"startAt":1789487809437,"status":"passed","title":"parsePptx throws on a non-PPTX buffer (controller catches → flat template)"},{"ancestorTitles":["graceful fallback"],"duration":0,"failing":false,"failureDetails":[],"failureMessages":[],"fullName":"graceful fallback buildTemplates returns [] for an empty parse (→ legacy single-image)","invocations":1,"location":null,"numPassingAsserts":2,"retryReasons":[],"startAt":1789487809437,"status":"passed","title":"buildTemplates returns [] for an empty parse (→ legacy single-image)"},{"ancestorTitles":["graceful fallback"],"duration":0,"failing":false,"failureDetails":[],"failureMessages":[],"fullName":"graceful fallback prepends a full-bleed background IMAGE zone when pageBackgroundUrl is given (PDF path)","invocations":1,"location":null,"numPassingAsserts":8,"retryReasons":[],"startAt":1789487809437,"status":"passed","title":"prepends a full-bleed background IMAGE zone when pageBackgroundUrl is given (PDF path)"}],"endTime":1789487809438,"message":"","name":"/private/tmp/venueos-import-audit-20260915/apps/api/src/imports/parsers/imports-parsers.spec.ts","startTime":1789487809397,"status":"passed","summary":""}],"wasInterrupted":false}
