{"numFailedTestSuites":0,"numFailedTests":0,"numPassedTestSuites":1,"numPassedTests":5,"numPendingTestSuites":0,"numPendingTests":0,"numRuntimeErrorTestSuites":0,"numTodoTests":0,"numTotalTestSuites":1,"numTotalTests":5,"openHandles":[],"snapshot":{"added":0,"didUpdate":false,"failure":false,"filesAdded":0,"filesRemoved":0,"filesRemovedList":[],"filesUnmatched":0,"filesUpdated":0,"matched":0,"total":0,"unchecked":0,"uncheckedKeysByFile":[],"unmatched":0,"updated":0},"startTime":1789487764120,"success":true,"testResults":[{"assertionResults":[{"ancestorTitles":["Import renderer contract audit (component, not full builder)"],"duration":14,"failureDetails":[],"failureMessages":[],"fullName":"Import renderer contract audit (component, not full builder) imported plain text exposes the content hotspot","invocations":1,"location":null,"numPassingAsserts":1,"retryReasons":[],"status":"passed","title":"imported plain text exposes the content hotspot"},{"ancestorTitles":["Import renderer contract audit (component, not full builder)"],"duration":2,"failureDetails":[],"failureMessages":[],"fullName":"Import renderer contract audit (component, not full builder) non-bold imported text uses 600, not regular 400, in legacy renderer","invocations":1,"location":null,"numPassingAsserts":1,"retryReasons":[],"status":"passed","title":"non-bold imported text uses 600, not regular 400, in legacy renderer"},{"ancestorTitles":["Import renderer contract audit (component, not full builder)"],"duration":2,"failureDetails":[],"failureMessages":[],"fullName":"Import renderer contract audit (component, not full builder) default text wrapper adds padding and vertical centering","invocations":1,"location":null,"numPassingAsserts":2,"retryReasons":[],"status":"passed","title":"default text wrapper adds padding and vertical centering"},{"ancestorTitles":["Import renderer contract audit (component, not full builder)"],"duration":0,"failureDetails":[],"failureMessages":[],"fullName":"Import renderer contract audit (component, not full builder) shared builder/player style rules preserve explicit imported pixel size (negative control)","invocations":1,"location":null,"numPassingAsserts":2,"retryReasons":[],"status":"passed","title":"shared builder/player style rules preserve explicit imported pixel size (negative control)"},{"ancestorTitles":["Import renderer contract audit (component, not full builder)"],"duration":3,"failureDetails":[],"failureMessages":[],"fullName":"Import renderer contract audit (component, not full builder) PPT fallback URL is passed to a literal image element, not converted","invocations":1,"location":null,"numPassingAsserts":1,"retryReasons":[],"status":"passed","title":"PPT fallback URL is passed to a literal image element, not converted"}],"endTime":1789487765239,"message":"","name":"/private/tmp/venueos-import-audit-20260915/apps/web/src/components/widgets/__tests__/import-render-contract-audit.test.tsx","startTime":1789487764440,"status":"passed","summary":""}],"wasInterrupted":false}
